C51 COMPILER V9.59.0.0   DS18B20                                                           10/14/2019 19:17:43 PAGE 1   


C51 COMPILER V9.59.0.0, COMPILATION OF MODULE DS18B20
OBJECT MODULE PLACED IN .\Objects\DS18B20.obj
COMPILER INVOKED BY: C:\Keil_v5\C51\BIN\C51.EXE DS18B20.c OPTIMIZE(8,SPEED) BROWSE DEBUG OBJECTEXTEND PRINT(.\Listings\D
                    -S18B20.lst) TABS(2) OBJECT(.\Objects\DS18B20.obj)

line level    source

   1          #include <reg52.h>
   2          
   3          sbit DQ = P2^0;
   4          
   5          void Delay_DS18B20(int num)
   6          {
   7   1        while(num--) ;
   8   1      }
   9          void InitDS18B20(void)
  10          {
  11   1        unsigned char x=0;
  12   1        DQ = 1;         
  13   1        Delay_DS18B20(8);    
  14   1        DQ = 0;         
  15   1        Delay_DS18B20(80);   
  16   1        DQ = 1;        
  17   1        Delay_DS18B20(14);
  18   1        x = DQ;          
  19   1        Delay_DS18B20(20);
  20   1      }
  21          unsigned char ReadOneChar(void)
  22          {
  23   1        unsigned char i=0;
  24   1        unsigned char dat = 0;
  25   1        for (i=8;i>0;i--)
  26   1        {
  27   2          DQ = 0;    
  28   2          dat>>=1;
  29   2          DQ = 1;     
  30   2          if(DQ)
  31   2          dat|=0x80;
  32   2          Delay_DS18B20(4);
  33   2        }
  34   1        return(dat);
  35   1      }
  36          void WriteOneChar(unsigned char dat)
  37          {
  38   1        unsigned char i=0;
  39   1        for (i=8; i>0; i--)
  40   1        {
  41   2          DQ = 0;
  42   2          DQ = dat&0x01;
  43   2          Delay_DS18B20(5);
  44   2          DQ = 1;
  45   2          dat>>=1;
  46   2        }
  47   1      }
  48          unsigned int ReadTemperature()
  49          {
  50   1        unsigned char a=0;
  51   1        unsigned char b=0;
  52   1        unsigned int t=0;
  53   1        float tt=0;
  54   1        InitDS18B20();
C51 COMPILER V9.59.0.0   DS18B20                                                           10/14/2019 19:17:43 PAGE 2   

  55   1        WriteOneChar(0xCC);  
  56   1        WriteOneChar(0x44); 
  57   1        InitDS18B20();
  58   1        WriteOneChar(0xCC);  
  59   1        WriteOneChar(0xBE);  
  60   1        a=ReadOneChar();     
  61   1        b=ReadOneChar();    
  62   1        t=b;
  63   1        t<<=8;
  64   1        t=t|a;
  65   1        tt=t*0.0625;
  66   1        t= tt*10+0.5;     
  67   1        return t;
  68   1      }
  69          
  70          
  71          
  72          unsigned int getTmp()
  73          {
  74   1        unsigned int c;
  75   1        c=ReadTemperature()-5;  
  76   1        if(c<0) c=0;          
  77   1        if(c>=999) c=999;
  78   1        return c;
  79   1      }


MODULE INFORMATION:   STATIC OVERLAYABLE
   CODE SIZE        =    266    ----
   CONSTANT SIZE    =   ----    ----
   XDATA SIZE       =   ----    ----
   PDATA SIZE       =   ----    ----
   DATA SIZE        =   ----       4
   IDATA SIZE       =   ----    ----
   BIT SIZE         =   ----    ----
END OF MODULE INFORMATION.


C51 COMPILATION COMPLETE.  0 WARNING(S),  0 ERROR(S)
