C51 COMPILER V9.59.0.0   LCD1602                                                           10/14/2019 19:17:43 PAGE 1   


C51 COMPILER V9.59.0.0, COMPILATION OF MODULE LCD1602
OBJECT MODULE PLACED IN .\Objects\LCD1602.obj
COMPILER INVOKED BY: C:\Keil_v5\C51\BIN\C51.EXE LCD1602.c OPTIMIZE(8,SPEED) BROWSE DEBUG OBJECTEXTEND PRINT(.\Listings\L
                    -CD1602.lst) TABS(2) OBJECT(.\Objects\LCD1602.obj)

line level    source

   1          #include <reg52.h>
   2          
   3          sbit LCDRS = P1^0;
   4          sbit LCDEN= P1^1;
   5          unsigned char code Init1[]="SET T:00   E:000";
   6          unsigned char code Init2[]="NOW T:00.0 E:000";
   7          
   8          
   9          void LCDdelay(unsigned int z)
  10          {
  11   1        unsigned int x,y;
  12   1        for(x=z;x>0;x--)
  13   1          for(y=10;y>0;y--);
  14   1      }
  15          
  16          
  17          void write_com(unsigned char com)
  18          {
  19   1        LCDRS=0;
  20   1        P0=com;
  21   1        LCDdelay(5);
  22   1        LCDEN=1;
  23   1        LCDdelay(5);
  24   1        LCDEN=0;
  25   1      }
  26          
  27          void write_data(unsigned char date)
  28          {
  29   1        LCDRS=1;
  30   1        P0=date;
  31   1        LCDdelay(5);
  32   1        LCDEN=1;
  33   1        LCDdelay(5);
  34   1        LCDEN=0;
  35   1      }
  36          
  37          void Init1602()
  38          {
  39   1        unsigned char i=0;
  40   1        write_com(0x38);
  41   1        write_com(0x0c);
  42   1        write_com(0x06);
  43   1        write_com(0x01);
  44   1        write_com(0x80);
  45   1      
  46   1        for(i=0;i<16;i++)
  47   1        {
  48   2          write_data(Init1[i]);
  49   2        }
  50   1        write_com(0x80+0x40);
  51   1        for(i=0;i<16;i++)
  52   1        {
  53   2          write_data(Init2[i]);
  54   2        }
C51 COMPILER V9.59.0.0   LCD1602                                                           10/14/2019 19:17:43 PAGE 2   

  55   1      }
  56          
  57          void Display1602(unsigned int preTmp, unsigned int preSmk,
  58                            unsigned int tmp, unsigned int smk)
  59          {
  60   1        write_com(0x80+6);
  61   1        write_data(0x30+preTmp/10);
  62   1        write_data(0x30+preTmp%10);
  63   1      
  64   1        write_com(0x80+13);
  65   1        write_data(0x30+preSmk/100);
  66   1        write_data(0x30+preSmk%100/10);
  67   1        write_data(0x30+preSmk%10);
  68   1      
  69   1        write_com(0x80+0x40+6);
  70   1        write_data(0x30+tmp/100);
  71   1        write_data(0x30+tmp%100/10);
  72   1        write_data('.');
  73   1        write_data(0x30+tmp%10);
  74   1      
  75   1        write_com(0x80+0x40+13);
  76   1        write_data(0x30+smk/100);
  77   1        write_data(0x30+smk%100/10);
  78   1        write_data(0x30+smk%10);
  79   1      }


MODULE INFORMATION:   STATIC OVERLAYABLE
   CODE SIZE        =    338    ----
   CONSTANT SIZE    =     34    ----
   XDATA SIZE       =   ----    ----
   PDATA SIZE       =   ----    ----
   DATA SIZE        =   ----       8
   IDATA SIZE       =   ----    ----
   BIT SIZE         =   ----    ----
END OF MODULE INFORMATION.


C51 COMPILATION COMPLETE.  0 WARNING(S),  0 ERROR(S)
