C51 COMPILER V9.59.0.0   MAIN                                                              10/14/2019 19:17:44 PAGE 1   


C51 COMPILER V9.59.0.0, COMPILATION OF MODULE MAIN
OBJECT MODULE PLACED IN .\Objects\main.obj
COMPILER INVOKED BY: C:\Keil_v5\C51\BIN\C51.EXE main.c OPTIMIZE(8,SPEED) BROWSE DEBUG OBJECTEXTEND PRINT(.\Listings\main
                    -.lst) TABS(2) OBJECT(.\Objects\main.obj)

line level    source

   1          #include <reg52.h>
   2          
   3          sbit LED1 = P2^1;
   4          sbit LED2 = P2^2;
   5          
   6          bit flagOff = 0;
   7          unsigned char flagOn = 0;
   8          unsigned int preTmp1 = 40;
   9          unsigned int preSmk1 = 20;
  10          unsigned int preTmp2 = 60;
  11          unsigned int preSmk2 = 30;
  12          unsigned int bkp[2];
  13          unsigned int smk;
  14          unsigned int tmp;
  15          unsigned int sum;
  16          unsigned char RxdBuf = '4';
  17          unsigned char flag = 0;
  18          unsigned char cnt;
  19          unsigned char T0RH, T0RL;
  20          
  21          extern unsigned int getTmp();
  22          extern unsigned int ADC0832(unsigned char);
  23          extern void sendData();
  24          extern void openBuzzer(unsigned int);
  25          extern void stopBuzzer();
  26          extern void Motor(unsigned char);
  27          extern void InitDS18B20();
  28          extern void Display1602(unsigned int,unsigned int,unsigned int,unsigned int); //œ‘ æŒ¬∂»£¨—ÃŒÌ÷µ
  29          extern void Init1602();
  30          extern void configUART(unsigned int);
  31          void checkSta();
  32          
  33          void main()
  34          {
  35   1        unsigned int i = 0;
  36   1        unsigned int j = 0;
  37   1        EA = 1;
  38   1        InitDS18B20();
  39   1        Init1602();
  40   1        configUART(9600);
  41   1        bkp[0] = getTmp();
  42   1        bkp[1] = ADC0832(1);
  43   1        for(j=0;j<33000;j++);
  44   1        while(1)            
  45   1        {
  46   2          for(cnt=0;cnt<50;cnt++)     
  47   2          {
  48   3            smk = ADC0832(1); 
  49   3            sum=sum+smk;      
  50   3          }
  51   2          smk=sum/50;       
  52   2          sum=0;
  53   2          tmp = getTmp();
  54   2          if((bkp[0]!=tmp/10)||(bkp[1]!=smk))
C51 COMPILER V9.59.0.0   MAIN                                                              10/14/2019 19:17:44 PAGE 2   

  55   2          {
  56   3            bkp[0] = tmp/10;
  57   3            bkp[1] = smk;
  58   3            sendData();
  59   3          }
  60   2          checkSta();
  61   2          switch(flag)
  62   2          {
  63   3            case 0:
  64   3            {
  65   4              Display1602(preTmp1, preSmk1, tmp, smk);
  66   4              stopBuzzer();
  67   4              LED1 = 1;
  68   4              LED2 = 1;
  69   4              Motor(0);
  70   4              break;
  71   4            }
  72   3            case 1:
  73   3            {
  74   4              openBuzzer(4000);
  75   4              LED1 = 0;
  76   4              LED2 = 1;
  77   4              Motor(1);
  78   4              Display1602(preTmp2, preSmk2, tmp, smk);
  79   4              break;
  80   4            }
  81   3            case 2:
  82   3            {
  83   4              openBuzzer(4000);
  84   4              LED2 = 0;
  85   4              LED1 = 1;
  86   4              Motor(2);
  87   4              Display1602(preTmp2, preSmk2, tmp, smk);
  88   4              break;
  89   4            }
  90   3            default:
  91   3              break;
  92   3          } 
  93   2          for(i=0;i<20000;i++);
  94   2        }
  95   1      }
  96          
  97          void checkSta()
  98          {
  99   1        switch(RxdBuf)
 100   1        {
 101   2          case '0': flagOff = 1;flagOn = 0; break;
 102   2          case '1': flagOn = 1; break;
 103   2          case '2': flagOn = 2; break;
 104   2          case '3': flagOff = 0; flagOn = 0; break;
 105   2          default: break;
 106   2        }
 107   1        if(((((tmp/10)>=preTmp1)||(smk>=preSmk1))&&flagOff==0)||flagOn>0)
 108   1        {
 109   2          if(((tmp/10)>=preTmp2||smk>=preSmk2)||flagOn==2)
 110   2            flag = 2;
 111   2          else
 112   2            flag = 1;
 113   2        }
 114   1        else
 115   1          flag = 0;
 116   1      }
C51 COMPILER V9.59.0.0   MAIN                                                              10/14/2019 19:17:44 PAGE 3   

 117          
 118          


MODULE INFORMATION:   STATIC OVERLAYABLE
   CODE SIZE        =    422    ----
   CONSTANT SIZE    =   ----    ----
   XDATA SIZE       =   ----    ----
   PDATA SIZE       =   ----    ----
   DATA SIZE        =     24       2
   IDATA SIZE       =   ----    ----
   BIT SIZE         =      1    ----
END OF MODULE INFORMATION.


C51 COMPILATION COMPLETE.  0 WARNING(S),  0 ERROR(S)
